1651631462225	geckodriver	INFO	Listening on 127.0.0.1:50861
1651631462334	mozrunner::runner	INFO	Running command: "/Applications/Firefox.app/Contents/MacOS/firefox-bin" "--marionette" "--remote-debugging-port" "50862" "-foreground" "-no-remote" "-profile" "/var/folders/yg/9pgl_h_x7y74k2x5zt355vqw0000gn/T/rust_mozprofilexCwmRV"
1651631463400	Marionette	INFO	Marionette enabled
2022-05-04 02:31:04.307 firefox-bin[1630:23466] Warning: Expected min height of view: (<NSButton: 0x13ad3d800>) to be less than or equal to 30 but got a height of 32.000000. This error will be logged once per view in violation.
2022-05-04 02:31:04.308 firefox-bin[1630:23466] Warning: Expected min height of view: (<NSButton: 0x13ad4f800>) to be less than or equal to 30 but got a height of 32.000000. This error will be logged once per view in violation.
2022-05-04 02:31:04.308 firefox-bin[1630:23466] Warning: Expected min height of view: (<NSButton: 0x13ad52c00>) to be less than or equal to 30 but got a height of 32.000000. This error will be logged once per view in violation.
2022-05-04 02:31:04.308 firefox-bin[1630:23466] Warning: Expected min height of view: (<NSButton: 0x13ad52000>) to be less than or equal to 30 but got a height of 32.000000. This error will be logged once per view in violation.
2022-05-04 02:31:04.309 firefox-bin[1630:23466] Warning: Expected min height of view: (<NSButton: 0x13ad52400>) to be less than or equal to 30 but got a height of 32.000000. This error will be logged once per view in violation.
2022-05-04 02:31:04.309 firefox-bin[1630:23466] Warning: Expected min height of view: (<NSPopoverTouchBarItemButton: 0x13ad52800>) to be less than or equal to 30 but got a height of 32.000000. This error will be logged once per view in violation.
2022-05-04 02:31:04.309 firefox-bin[1630:23466] Warning: Expected min height of view: (<NSPopoverTouchBarItemButton: 0x13ad41400>) to be less than or equal to 30 but got a height of 32.000000. This error will be logged once per view in violation.
console.warn: SearchSettings: "get: No settings file exists, new profile?" (new NotFoundError("Could not open the file at /var/folders/yg/9pgl_h_x7y74k2x5zt355vqw0000gn/T/rust_mozprofilexCwmRV/search.json.mozlz4", (void 0)))
console.error: BackgroundUpdate: 
  _reasonsToNotScheduleUpdates: Failed to check for Maintenance Service Registry Key: [Exception... "Component returned failure code: 0x80004001 (NS_ERROR_NOT_IMPLEMENTED) [nsIUpdateProcessor.getServiceRegKeyExists]"  nsresult: "0x80004001 (NS_ERROR_NOT_IMPLEMENTED)"  location: "JS frame :: resource://gre/modules/BackgroundUpdate.jsm :: _reasonsToNotScheduleUpdates :: line 241"  data: no]
DevTools listening on ws://localhost:50862/devtools/browser/2731aecb-899b-4ce3-b7e6-eb7959fa8006
1651631465293	Marionette	INFO	Listening on port 50869
1651631465393	RemoteAgent	WARN	TLS certificate errors will be ignored for this session
console.warn: LoginRecipes: "getRecipes: falling back to a synchronous message for:" "http://localhost:8000"
console.warn: LoginRecipes: "getRecipes: falling back to a synchronous message for:" "http://localhost:8000"
1651631467911	Marionette	INFO	Stopped listening on port 50869

###!!! [Parent][PImageBridgeParent] Error: RunMessage(msgname=PImageBridge::Msg_WillClose) Channel closing: too late to send/recv, messages will be lost

1651631854264	geckodriver	INFO	Listening on 127.0.0.1:50932
1651631854790	mozrunner::runner	INFO	Running command: "/Applications/Firefox.app/Contents/MacOS/firefox-bin" "--marionette" "--remote-debugging-port" "50933" "-foreground" "-no-remote" "-profile" "/var/folders/yg/9pgl_h_x7y74k2x5zt355vqw0000gn/T/rust_mozprofileBeb8WB"
1651631855111	Marionette	INFO	Marionette enabled
2022-05-04 02:37:35.718 firefox-bin[1744:27825] Warning: Expected min height of view: (<NSButton: 0x118c1e400>) to be less than or equal to 30 but got a height of 32.000000. This error will be logged once per view in violation.
2022-05-04 02:37:35.719 firefox-bin[1744:27825] Warning: Expected min height of view: (<NSButton: 0x13706d400>) to be less than or equal to 30 but got a height of 32.000000. This error will be logged once per view in violation.
2022-05-04 02:37:35.719 firefox-bin[1744:27825] Warning: Expected min height of view: (<NSButton: 0x137070800>) to be less than or equal to 30 but got a height of 32.000000. This error will be logged once per view in violation.
2022-05-04 02:37:35.719 firefox-bin[1744:27825] Warning: Expected min height of view: (<NSButton: 0x137071400>) to be less than or equal to 30 but got a height of 32.000000. This error will be logged once per view in violation.
2022-05-04 02:37:35.720 firefox-bin[1744:27825] Warning: Expected min height of view: (<NSButton: 0x13706bc00>) to be less than or equal to 30 but got a height of 32.000000. This error will be logged once per view in violation.
2022-05-04 02:37:35.720 firefox-bin[1744:27825] Warning: Expected min height of view: (<NSPopoverTouchBarItemButton: 0x13706c400>) to be less than or equal to 30 but got a height of 32.000000. This error will be logged once per view in violation.
2022-05-04 02:37:35.720 firefox-bin[1744:27825] Warning: Expected min height of view: (<NSPopoverTouchBarItemButton: 0x117168400>) to be less than or equal to 30 but got a height of 32.000000. This error will be logged once per view in violation.
console.warn: SearchSettings: "get: No settings file exists, new profile?" (new NotFoundError("Could not open the file at /var/folders/yg/9pgl_h_x7y74k2x5zt355vqw0000gn/T/rust_mozprofileBeb8WB/search.json.mozlz4", (void 0)))
console.error: BackgroundUpdate: 
  _reasonsToNotScheduleUpdates: Failed to check for Maintenance Service Registry Key: [Exception... "Component returned failure code: 0x80004001 (NS_ERROR_NOT_IMPLEMENTED) [nsIUpdateProcessor.getServiceRegKeyExists]"  nsresult: "0x80004001 (NS_ERROR_NOT_IMPLEMENTED)"  location: "JS frame :: resource://gre/modules/BackgroundUpdate.jsm :: _reasonsToNotScheduleUpdates :: line 241"  data: no]
DevTools listening on ws://localhost:50933/devtools/browser/d7d2688e-77ee-4b4f-8674-995bfe5d8c54
1651631856564	Marionette	INFO	Listening on port 50940
1651631856674	RemoteAgent	WARN	TLS certificate errors will be ignored for this session
console.warn: LoginRecipes: "getRecipes: falling back to a synchronous message for:" "http://localhost:50931"
console.warn: LoginRecipes: "getRecipes: falling back to a synchronous message for:" "http://localhost:50931"
1651631859008	Marionette	INFO	Stopped listening on port 50940

###!!! [Parent][PImageBridgeParent] Error: RunMessage(msgname=PImageBridge::Msg_WillClose) Channel closing: too late to send/recv, messages will be lost

1651632114243	geckodriver	INFO	Listening on 127.0.0.1:51107
1651632114760	mozrunner::runner	INFO	Running command: "/Applications/Firefox.app/Contents/MacOS/firefox-bin" "--marionette" "--remote-debugging-port" "51108" "-foreground" "-no-remote" "-profile" "/var/folders/yg/9pgl_h_x7y74k2x5zt355vqw0000gn/T/rust_mozprofilexvgNw2"
1651632115076	Marionette	INFO	Marionette enabled
2022-05-04 02:41:55.728 firefox-bin[1895:32576] Warning: Expected min height of view: (<NSButton: 0x11898c000>) to be less than or equal to 30 but got a height of 32.000000. This error will be logged once per view in violation.
2022-05-04 02:41:55.728 firefox-bin[1895:32576] Warning: Expected min height of view: (<NSButton: 0x136d87800>) to be less than or equal to 30 but got a height of 32.000000. This error will be logged once per view in violation.
2022-05-04 02:41:55.729 firefox-bin[1895:32576] Warning: Expected min height of view: (<NSButton: 0x10945f400>) to be less than or equal to 30 but got a height of 32.000000. This error will be logged once per view in violation.
2022-05-04 02:41:55.729 firefox-bin[1895:32576] Warning: Expected min height of view: (<NSButton: 0x136d86000>) to be less than or equal to 30 but got a height of 32.000000. This error will be logged once per view in violation.
2022-05-04 02:41:55.730 firefox-bin[1895:32576] Warning: Expected min height of view: (<NSButton: 0x136d86400>) to be less than or equal to 30 but got a height of 32.000000. This error will be logged once per view in violation.
2022-05-04 02:41:55.730 firefox-bin[1895:32576] Warning: Expected min height of view: (<NSPopoverTouchBarItemButton: 0x136d87c00>) to be less than or equal to 30 but got a height of 32.000000. This error will be logged once per view in violation.
2022-05-04 02:41:55.730 firefox-bin[1895:32576] Warning: Expected min height of view: (<NSPopoverTouchBarItemButton: 0x136db9800>) to be less than or equal to 30 but got a height of 32.000000. This error will be logged once per view in violation.
console.warn: SearchSettings: "get: No settings file exists, new profile?" (new NotFoundError("Could not open the file at /var/folders/yg/9pgl_h_x7y74k2x5zt355vqw0000gn/T/rust_mozprofilexvgNw2/search.json.mozlz4", (void 0)))
console.error: BackgroundUpdate: 
  _reasonsToNotScheduleUpdates: Failed to check for Maintenance Service Registry Key: [Exception... "Component returned failure code: 0x80004001 (NS_ERROR_NOT_IMPLEMENTED) [nsIUpdateProcessor.getServiceRegKeyExists]"  nsresult: "0x80004001 (NS_ERROR_NOT_IMPLEMENTED)"  location: "JS frame :: resource://gre/modules/BackgroundUpdate.jsm :: _reasonsToNotScheduleUpdates :: line 241"  data: no]
DevTools listening on ws://localhost:51108/devtools/browser/4dffff8b-6aca-4dd6-aec6-35cd48d99af0
1651632116524	Marionette	INFO	Listening on port 51115
1651632116658	RemoteAgent	WARN	TLS certificate errors will be ignored for this session
console.warn: LoginRecipes: "getRecipes: falling back to a synchronous message for:" "http://localhost:51106"
console.warn: LoginRecipes: "getRecipes: falling back to a synchronous message for:" "http://localhost:51106"
1651632118998	Marionette	INFO	Stopped listening on port 51115
1651632212155	geckodriver	INFO	Listening on 127.0.0.1:51160
1651632212676	mozrunner::runner	INFO	Running command: "/Applications/Firefox.app/Contents/MacOS/firefox-bin" "--marionette" "--remote-debugging-port" "51161" "-foreground" "-no-remote" "-profile" "/var/folders/yg/9pgl_h_x7y74k2x5zt355vqw0000gn/T/rust_mozprofilej4Cu6x"
1651632212996	Marionette	INFO	Marionette enabled
2022-05-04 02:43:33.613 firefox-bin[1927:34077] Warning: Expected min height of view: (<NSButton: 0x13b516800>) to be less than or equal to 30 but got a height of 32.000000. This error will be logged once per view in violation.
2022-05-04 02:43:33.613 firefox-bin[1927:34077] Warning: Expected min height of view: (<NSButton: 0x13b55f400>) to be less than or equal to 30 but got a height of 32.000000. This error will be logged once per view in violation.
2022-05-04 02:43:33.613 firefox-bin[1927:34077] Warning: Expected min height of view: (<NSButton: 0x13b568800>) to be less than or equal to 30 but got a height of 32.000000. This error will be logged once per view in violation.
2022-05-04 02:43:33.614 firefox-bin[1927:34077] Warning: Expected min height of view: (<NSButton: 0x13b565000>) to be less than or equal to 30 but got a height of 32.000000. This error will be logged once per view in violation.
2022-05-04 02:43:33.614 firefox-bin[1927:34077] Warning: Expected min height of view: (<NSButton: 0x13b56b400>) to be less than or equal to 30 but got a height of 32.000000. This error will be logged once per view in violation.
2022-05-04 02:43:33.614 firefox-bin[1927:34077] Warning: Expected min height of view: (<NSPopoverTouchBarItemButton: 0x13b56a400>) to be less than or equal to 30 but got a height of 32.000000. This error will be logged once per view in violation.
2022-05-04 02:43:33.615 firefox-bin[1927:34077] Warning: Expected min height of view: (<NSPopoverTouchBarItemButton: 0x13b510000>) to be less than or equal to 30 but got a height of 32.000000. This error will be logged once per view in violation.
console.warn: SearchSettings: "get: No settings file exists, new profile?" (new NotFoundError("Could not open the file at /var/folders/yg/9pgl_h_x7y74k2x5zt355vqw0000gn/T/rust_mozprofilej4Cu6x/search.json.mozlz4", (void 0)))
console.error: BackgroundUpdate: 
  _reasonsToNotScheduleUpdates: Failed to check for Maintenance Service Registry Key: [Exception... "Component returned failure code: 0x80004001 (NS_ERROR_NOT_IMPLEMENTED) [nsIUpdateProcessor.getServiceRegKeyExists]"  nsresult: "0x80004001 (NS_ERROR_NOT_IMPLEMENTED)"  location: "JS frame :: resource://gre/modules/BackgroundUpdate.jsm :: _reasonsToNotScheduleUpdates :: line 241"  data: no]
DevTools listening on ws://localhost:51161/devtools/browser/9b85b924-901d-4181-bceb-82684b79799a
1651632214525	Marionette	INFO	Listening on port 51168
1651632214555	RemoteAgent	WARN	TLS certificate errors will be ignored for this session
console.warn: LoginRecipes: "getRecipes: falling back to a synchronous message for:" "http://localhost:51159"
console.warn: LoginRecipes: "getRecipes: falling back to a synchronous message for:" "http://localhost:51159"
1651632216893	Marionette	INFO	Stopped listening on port 51168
1651633086225	geckodriver	INFO	Listening on 127.0.0.1:51242
1651633086746	mozrunner::runner	INFO	Running command: "/Applications/Firefox.app/Contents/MacOS/firefox-bin" "--marionette" "--remote-debugging-port" "51243" "-foreground" "-no-remote" "-profile" "/var/folders/yg/9pgl_h_x7y74k2x5zt355vqw0000gn/T/rust_mozprofilewzb6Eb"
1651633087062	Marionette	INFO	Marionette enabled
2022-05-04 02:58:07.682 firefox-bin[2143:43217] Warning: Expected min height of view: (<NSButton: 0x13b3a9400>) to be less than or equal to 30 but got a height of 32.000000. This error will be logged once per view in violation.
2022-05-04 02:58:07.682 firefox-bin[2143:43217] Warning: Expected min height of view: (<NSButton: 0x13b56dc00>) to be less than or equal to 30 but got a height of 32.000000. This error will be logged once per view in violation.
2022-05-04 02:58:07.682 firefox-bin[2143:43217] Warning: Expected min height of view: (<NSButton: 0x13b56d800>) to be less than or equal to 30 but got a height of 32.000000. This error will be logged once per view in violation.
2022-05-04 02:58:07.683 firefox-bin[2143:43217] Warning: Expected min height of view: (<NSButton: 0x13b56a800>) to be less than or equal to 30 but got a height of 32.000000. This error will be logged once per view in violation.
2022-05-04 02:58:07.683 firefox-bin[2143:43217] Warning: Expected min height of view: (<NSButton: 0x13b567c00>) to be less than or equal to 30 but got a height of 32.000000. This error will be logged once per view in violation.
2022-05-04 02:58:07.684 firefox-bin[2143:43217] Warning: Expected min height of view: (<NSPopoverTouchBarItemButton: 0x13b569800>) to be less than or equal to 30 but got a height of 32.000000. This error will be logged once per view in violation.
2022-05-04 02:58:07.684 firefox-bin[2143:43217] Warning: Expected min height of view: (<NSPopoverTouchBarItemButton: 0x11cdb5800>) to be less than or equal to 30 but got a height of 32.000000. This error will be logged once per view in violation.
console.warn: SearchSettings: "get: No settings file exists, new profile?" (new NotFoundError("Could not open the file at /var/folders/yg/9pgl_h_x7y74k2x5zt355vqw0000gn/T/rust_mozprofilewzb6Eb/search.json.mozlz4", (void 0)))
console.error: BackgroundUpdate: 
  _reasonsToNotScheduleUpdates: Failed to check for Maintenance Service Registry Key: [Exception... "Component returned failure code: 0x80004001 (NS_ERROR_NOT_IMPLEMENTED) [nsIUpdateProcessor.getServiceRegKeyExists]"  nsresult: "0x80004001 (NS_ERROR_NOT_IMPLEMENTED)"  location: "JS frame :: resource://gre/modules/BackgroundUpdate.jsm :: _reasonsToNotScheduleUpdates :: line 241"  data: no]
DevTools listening on ws://localhost:51243/devtools/browser/86a943ad-2916-4b8f-b089-89d9045f998b
1651633088551	Marionette	INFO	Listening on port 51248
1651633088626	RemoteAgent	WARN	TLS certificate errors will be ignored for this session
console.warn: LoginRecipes: "getRecipes: falling back to a synchronous message for:" "http://localhost:51241"
1651633088859	Marionette	INFO	Stopped listening on port 51248
console.warn: TopSitesFeed: Failed to fetch data from Contile server: NetworkError when attempting to fetch resource.

###!!! [Parent][PImageBridgeParent] Error: RunMessage(msgname=PImageBridge::Msg_WillClose) Channel closing: too late to send/recv, messages will be lost

1651633189147	geckodriver	INFO	Listening on 127.0.0.1:51285
1651633189666	mozrunner::runner	INFO	Running command: "/Applications/Firefox.app/Contents/MacOS/firefox-bin" "--marionette" "--remote-debugging-port" "51286" "-foreground" "-no-remote" "-profile" "/var/folders/yg/9pgl_h_x7y74k2x5zt355vqw0000gn/T/rust_mozprofileR4if9Z"
1651633189995	Marionette	INFO	Marionette enabled
2022-05-04 02:59:50.640 firefox-bin[2178:44780] Warning: Expected min height of view: (<NSButton: 0x13ad11000>) to be less than or equal to 30 but got a height of 32.000000. This error will be logged once per view in violation.
2022-05-04 02:59:50.640 firefox-bin[2178:44780] Warning: Expected min height of view: (<NSButton: 0x13afe3800>) to be less than or equal to 30 but got a height of 32.000000. This error will be logged once per view in violation.
2022-05-04 02:59:50.641 firefox-bin[2178:44780] Warning: Expected min height of view: (<NSButton: 0x13afe5000>) to be less than or equal to 30 but got a height of 32.000000. This error will be logged once per view in violation.
2022-05-04 02:59:50.641 firefox-bin[2178:44780] Warning: Expected min height of view: (<NSButton: 0x13afde800>) to be less than or equal to 30 but got a height of 32.000000. This error will be logged once per view in violation.
2022-05-04 02:59:50.641 firefox-bin[2178:44780] Warning: Expected min height of view: (<NSButton: 0x13afdec00>) to be less than or equal to 30 but got a height of 32.000000. This error will be logged once per view in violation.
2022-05-04 02:59:50.642 firefox-bin[2178:44780] Warning: Expected min height of view: (<NSPopoverTouchBarItemButton: 0x13afdf400>) to be less than or equal to 30 but got a height of 32.000000. This error will be logged once per view in violation.
2022-05-04 02:59:50.642 firefox-bin[2178:44780] Warning: Expected min height of view: (<NSPopoverTouchBarItemButton: 0x11c034c00>) to be less than or equal to 30 but got a height of 32.000000. This error will be logged once per view in violation.
console.warn: SearchSettings: "get: No settings file exists, new profile?" (new NotFoundError("Could not open the file at /var/folders/yg/9pgl_h_x7y74k2x5zt355vqw0000gn/T/rust_mozprofileR4if9Z/search.json.mozlz4", (void 0)))
console.error: BackgroundUpdate: 
  _reasonsToNotScheduleUpdates: Failed to check for Maintenance Service Registry Key: [Exception... "Component returned failure code: 0x80004001 (NS_ERROR_NOT_IMPLEMENTED) [nsIUpdateProcessor.getServiceRegKeyExists]"  nsresult: "0x80004001 (NS_ERROR_NOT_IMPLEMENTED)"  location: "JS frame :: resource://gre/modules/BackgroundUpdate.jsm :: _reasonsToNotScheduleUpdates :: line 241"  data: no]
DevTools listening on ws://localhost:51286/devtools/browser/84c8d77a-a70f-447d-812d-b7f67ed4f8e8
1651633191569	Marionette	INFO	Listening on port 51291
1651633191649	RemoteAgent	WARN	TLS certificate errors will be ignored for this session
console.warn: LoginRecipes: "getRecipes: falling back to a synchronous message for:" "http://localhost:51284"
console.warn: LoginRecipes: "getRecipes: falling back to a synchronous message for:" "http://localhost:51284"
1651633193090	Marionette	INFO	Stopped listening on port 51291

###!!! [Parent][PImageBridgeParent] Error: RunMessage(msgname=PImageBridge::Msg_WillClose) Channel closing: too late to send/recv, messages will be lost

1651633979580	geckodriver	INFO	Listening on 127.0.0.1:51364
1651633980099	mozrunner::runner	INFO	Running command: "/Applications/Firefox.app/Contents/MacOS/firefox-bin" "--marionette" "--remote-debugging-port" "51365" "-foreground" "-no-remote" "-profile" "/var/folders/yg/9pgl_h_x7y74k2x5zt355vqw0000gn/T/rust_mozprofileWJ0BWV"
1651633980457	Marionette	INFO	Marionette enabled
2022-05-04 03:13:01.148 firefox-bin[2301:52369] Warning: Expected min height of view: (<NSButton: 0x1181e7800>) to be less than or equal to 30 but got a height of 32.000000. This error will be logged once per view in violation.
2022-05-04 03:13:01.148 firefox-bin[2301:52369] Warning: Expected min height of view: (<NSButton: 0x13679d800>) to be less than or equal to 30 but got a height of 32.000000. This error will be logged once per view in violation.
2022-05-04 03:13:01.149 firefox-bin[2301:52369] Warning: Expected min height of view: (<NSButton: 0x13679e800>) to be less than or equal to 30 but got a height of 32.000000. This error will be logged once per view in violation.
2022-05-04 03:13:01.149 firefox-bin[2301:52369] Warning: Expected min height of view: (<NSButton: 0x13679dc00>) to be less than or equal to 30 but got a height of 32.000000. This error will be logged once per view in violation.
2022-05-04 03:13:01.150 firefox-bin[2301:52369] Warning: Expected min height of view: (<NSButton: 0x1367a1c00>) to be less than or equal to 30 but got a height of 32.000000. This error will be logged once per view in violation.
2022-05-04 03:13:01.150 firefox-bin[2301:52369] Warning: Expected min height of view: (<NSPopoverTouchBarItemButton: 0x1367a0000>) to be less than or equal to 30 but got a height of 32.000000. This error will be logged once per view in violation.
2022-05-04 03:13:01.150 firefox-bin[2301:52369] Warning: Expected min height of view: (<NSPopoverTouchBarItemButton: 0x1181e6400>) to be less than or equal to 30 but got a height of 32.000000. This error will be logged once per view in violation.
console.warn: SearchSettings: "get: No settings file exists, new profile?" (new NotFoundError("Could not open the file at /var/folders/yg/9pgl_h_x7y74k2x5zt355vqw0000gn/T/rust_mozprofileWJ0BWV/search.json.mozlz4", (void 0)))
console.error: BackgroundUpdate: 
  _reasonsToNotScheduleUpdates: Failed to check for Maintenance Service Registry Key: [Exception... "Component returned failure code: 0x80004001 (NS_ERROR_NOT_IMPLEMENTED) [nsIUpdateProcessor.getServiceRegKeyExists]"  nsresult: "0x80004001 (NS_ERROR_NOT_IMPLEMENTED)"  location: "JS frame :: resource://gre/modules/BackgroundUpdate.jsm :: _reasonsToNotScheduleUpdates :: line 241"  data: no]
DevTools listening on ws://localhost:51365/devtools/browser/e308b108-3c7f-4576-b9b3-05206c83947c
1651633982117	Marionette	INFO	Listening on port 51370
1651633982167	RemoteAgent	WARN	TLS certificate errors will be ignored for this session
console.warn: LoginRecipes: "getRecipes: falling back to a synchronous message for:" "http://localhost:51363"
1651633992436	Marionette	INFO	Stopped listening on port 51370

###!!! [Parent][PImageBridgeParent] Error: RunMessage(msgname=PImageBridge::Msg_WillClose) Channel closing: too late to send/recv, messages will be lost

1651638052757	geckodriver	INFO	Listening on 127.0.0.1:51558
1651638053282	mozrunner::runner	INFO	Running command: "/Applications/Firefox.app/Contents/MacOS/firefox-bin" "--marionette" "--remote-debugging-port" "51559" "-foreground" "-no-remote" "-profile" "/var/folders/yg/9pgl_h_x7y74k2x5zt355vqw0000gn/T/rust_mozprofileeI8w9X"
1651638053613	Marionette	INFO	Marionette enabled
2022-05-04 04:20:54.225 firefox-bin[2687:74439] Warning: Expected min height of view: (<NSButton: 0x138994c00>) to be less than or equal to 30 but got a height of 32.000000. This error will be logged once per view in violation.
2022-05-04 04:20:54.225 firefox-bin[2687:74439] Warning: Expected min height of view: (<NSButton: 0x138c49000>) to be less than or equal to 30 but got a height of 32.000000. This error will be logged once per view in violation.
2022-05-04 04:20:54.226 firefox-bin[2687:74439] Warning: Expected min height of view: (<NSButton: 0x138c49400>) to be less than or equal to 30 but got a height of 32.000000. This error will be logged once per view in violation.
2022-05-04 04:20:54.226 firefox-bin[2687:74439] Warning: Expected min height of view: (<NSButton: 0x138c4b800>) to be less than or equal to 30 but got a height of 32.000000. This error will be logged once per view in violation.
2022-05-04 04:20:54.227 firefox-bin[2687:74439] Warning: Expected min height of view: (<NSButton: 0x138c4d400>) to be less than or equal to 30 but got a height of 32.000000. This error will be logged once per view in violation.
2022-05-04 04:20:54.227 firefox-bin[2687:74439] Warning: Expected min height of view: (<NSPopoverTouchBarItemButton: 0x138c47800>) to be less than or equal to 30 but got a height of 32.000000. This error will be logged once per view in violation.
2022-05-04 04:20:54.227 firefox-bin[2687:74439] Warning: Expected min height of view: (<NSPopoverTouchBarItemButton: 0x119db2000>) to be less than or equal to 30 but got a height of 32.000000. This error will be logged once per view in violation.
console.warn: SearchSettings: "get: No settings file exists, new profile?" (new NotFoundError("Could not open the file at /var/folders/yg/9pgl_h_x7y74k2x5zt355vqw0000gn/T/rust_mozprofileeI8w9X/search.json.mozlz4", (void 0)))
console.error: BackgroundUpdate: 
  _reasonsToNotScheduleUpdates: Failed to check for Maintenance Service Registry Key: [Exception... "Component returned failure code: 0x80004001 (NS_ERROR_NOT_IMPLEMENTED) [nsIUpdateProcessor.getServiceRegKeyExists]"  nsresult: "0x80004001 (NS_ERROR_NOT_IMPLEMENTED)"  location: "JS frame :: resource://gre/modules/BackgroundUpdate.jsm :: _reasonsToNotScheduleUpdates :: line 241"  data: no]
DevTools listening on ws://localhost:51559/devtools/browser/9971a1ec-19f8-48b2-aaf6-9a688e77123b
1651638055061	Marionette	INFO	Listening on port 51564
1651638055171	RemoteAgent	WARN	TLS certificate errors will be ignored for this session
console.warn: LoginRecipes: "getRecipes: falling back to a synchronous message for:" "http://localhost:51557"
1651638065680	Marionette	INFO	Stopped listening on port 51564

###!!! [Parent][PImageBridgeParent] Error: RunMessage(msgname=PImageBridge::Msg_WillClose) Channel closing: too late to send/recv, messages will be lost

1651638195668	geckodriver	INFO	Listening on 127.0.0.1:51634
1651638196191	mozrunner::runner	INFO	Running command: "/Applications/Firefox.app/Contents/MacOS/firefox-bin" "--marionette" "--remote-debugging-port" "51635" "-foreground" "-no-remote" "-profile" "/var/folders/yg/9pgl_h_x7y74k2x5zt355vqw0000gn/T/rust_mozprofileuoJTNZ"
1651638196499	Marionette	INFO	Marionette enabled
2022-05-04 04:23:17.161 firefox-bin[2731:77166] Warning: Expected min height of view: (<NSButton: 0x118848800>) to be less than or equal to 30 but got a height of 32.000000. This error will be logged once per view in violation.
2022-05-04 04:23:17.162 firefox-bin[2731:77166] Warning: Expected min height of view: (<NSButton: 0x137687000>) to be less than or equal to 30 but got a height of 32.000000. This error will be logged once per view in violation.
2022-05-04 04:23:17.162 firefox-bin[2731:77166] Warning: Expected min height of view: (<NSButton: 0x137687400>) to be less than or equal to 30 but got a height of 32.000000. This error will be logged once per view in violation.
2022-05-04 04:23:17.163 firefox-bin[2731:77166] Warning: Expected min height of view: (<NSButton: 0x137687800>) to be less than or equal to 30 but got a height of 32.000000. This error will be logged once per view in violation.
2022-05-04 04:23:17.163 firefox-bin[2731:77166] Warning: Expected min height of view: (<NSButton: 0x13768f800>) to be less than or equal to 30 but got a height of 32.000000. This error will be logged once per view in violation.
2022-05-04 04:23:17.163 firefox-bin[2731:77166] Warning: Expected min height of view: (<NSPopoverTouchBarItemButton: 0x13768d400>) to be less than or equal to 30 but got a height of 32.000000. This error will be logged once per view in violation.
2022-05-04 04:23:17.164 firefox-bin[2731:77166] Warning: Expected min height of view: (<NSPopoverTouchBarItemButton: 0x118849400>) to be less than or equal to 30 but got a height of 32.000000. This error will be logged once per view in violation.
console.warn: SearchSettings: "get: No settings file exists, new profile?" (new NotFoundError("Could not open the file at /var/folders/yg/9pgl_h_x7y74k2x5zt355vqw0000gn/T/rust_mozprofileuoJTNZ/search.json.mozlz4", (void 0)))
console.error: BackgroundUpdate: 
  _reasonsToNotScheduleUpdates: Failed to check for Maintenance Service Registry Key: [Exception... "Component returned failure code: 0x80004001 (NS_ERROR_NOT_IMPLEMENTED) [nsIUpdateProcessor.getServiceRegKeyExists]"  nsresult: "0x80004001 (NS_ERROR_NOT_IMPLEMENTED)"  location: "JS frame :: resource://gre/modules/BackgroundUpdate.jsm :: _reasonsToNotScheduleUpdates :: line 241"  data: no]
DevTools listening on ws://localhost:51635/devtools/browser/f675206f-6562-449e-8194-c51fa1de3761
1651638198079	Marionette	INFO	Listening on port 51640
1651638198158	RemoteAgent	WARN	TLS certificate errors will be ignored for this session
console.warn: LoginRecipes: "getRecipes: falling back to a synchronous message for:" "http://localhost:51633"
1651638208671	Marionette	INFO	Stopped listening on port 51640

###!!! [Parent][PImageBridgeParent] Error: RunMessage(msgname=PImageBridge::Msg_WillClose) Channel closing: too late to send/recv, messages will be lost

1651638252782	geckodriver	INFO	Listening on 127.0.0.1:51695
1651638253306	mozrunner::runner	INFO	Running command: "/Applications/Firefox.app/Contents/MacOS/firefox-bin" "--marionette" "--remote-debugging-port" "51696" "-foreground" "-no-remote" "-profile" "/var/folders/yg/9pgl_h_x7y74k2x5zt355vqw0000gn/T/rust_mozprofileVIng4h"
1651638253632	Marionette	INFO	Marionette enabled
2022-05-04 04:24:14.272 firefox-bin[2757:78144] Warning: Expected min height of view: (<NSButton: 0x13ad95800>) to be less than or equal to 30 but got a height of 32.000000. This error will be logged once per view in violation.
2022-05-04 04:24:14.272 firefox-bin[2757:78144] Warning: Expected min height of view: (<NSButton: 0x13af51400>) to be less than or equal to 30 but got a height of 32.000000. This error will be logged once per view in violation.
2022-05-04 04:24:14.272 firefox-bin[2757:78144] Warning: Expected min height of view: (<NSButton: 0x13af52400>) to be less than or equal to 30 but got a height of 32.000000. This error will be logged once per view in violation.
2022-05-04 04:24:14.273 firefox-bin[2757:78144] Warning: Expected min height of view: (<NSButton: 0x13af54800>) to be less than or equal to 30 but got a height of 32.000000. This error will be logged once per view in violation.
2022-05-04 04:24:14.273 firefox-bin[2757:78144] Warning: Expected min height of view: (<NSButton: 0x13af4e000>) to be less than or equal to 30 but got a height of 32.000000. This error will be logged once per view in violation.
2022-05-04 04:24:14.274 firefox-bin[2757:78144] Warning: Expected min height of view: (<NSPopoverTouchBarItemButton: 0x13af52000>) to be less than or equal to 30 but got a height of 32.000000. This error will be logged once per view in violation.
2022-05-04 04:24:14.274 firefox-bin[2757:78144] Warning: Expected min height of view: (<NSPopoverTouchBarItemButton: 0x11be60800>) to be less than or equal to 30 but got a height of 32.000000. This error will be logged once per view in violation.
console.warn: SearchSettings: "get: No settings file exists, new profile?" (new NotFoundError("Could not open the file at /var/folders/yg/9pgl_h_x7y74k2x5zt355vqw0000gn/T/rust_mozprofileVIng4h/search.json.mozlz4", (void 0)))
console.error: BackgroundUpdate: 
  _reasonsToNotScheduleUpdates: Failed to check for Maintenance Service Registry Key: [Exception... "Component returned failure code: 0x80004001 (NS_ERROR_NOT_IMPLEMENTED) [nsIUpdateProcessor.getServiceRegKeyExists]"  nsresult: "0x80004001 (NS_ERROR_NOT_IMPLEMENTED)"  location: "JS frame :: resource://gre/modules/BackgroundUpdate.jsm :: _reasonsToNotScheduleUpdates :: line 241"  data: no]
DevTools listening on ws://localhost:51696/devtools/browser/70b6a6de-1d01-4428-876f-60f04e08149d
1651638255185	Marionette	INFO	Listening on port 51701
1651638255288	RemoteAgent	WARN	TLS certificate errors will be ignored for this session
console.warn: LoginRecipes: "getRecipes: falling back to a synchronous message for:" "http://localhost:51694"
console.warn: LoginRecipes: "getRecipes: falling back to a synchronous message for:" "http://localhost:51694"
1651638256186	Marionette	INFO	Stopped listening on port 51701
1651642211690	geckodriver	INFO	Listening on 127.0.0.1:51807
1651642212210	mozrunner::runner	INFO	Running command: "/Applications/Firefox.app/Contents/MacOS/firefox-bin" "--marionette" "--remote-debugging-port" "51808" "-foreground" "-no-remote" "-profile" "/var/folders/yg/9pgl_h_x7y74k2x5zt355vqw0000gn/T/rust_mozprofileW4kx84"
1651642212688	Marionette	INFO	Marionette enabled
2022-05-04 05:30:13.403 firefox-bin[3571:114588] Warning: Expected min height of view: (<NSButton: 0x136fea000>) to be less than or equal to 30 but got a height of 32.000000. This error will be logged once per view in violation.
2022-05-04 05:30:13.403 firefox-bin[3571:114588] Warning: Expected min height of view: (<NSButton: 0x1371d9800>) to be less than or equal to 30 but got a height of 32.000000. This error will be logged once per view in violation.
2022-05-04 05:30:13.403 firefox-bin[3571:114588] Warning: Expected min height of view: (<NSButton: 0x1371d8000>) to be less than or equal to 30 but got a height of 32.000000. This error will be logged once per view in violation.
2022-05-04 05:30:13.404 firefox-bin[3571:114588] Warning: Expected min height of view: (<NSButton: 0x1371da400>) to be less than or equal to 30 but got a height of 32.000000. This error will be logged once per view in violation.
2022-05-04 05:30:13.404 firefox-bin[3571:114588] Warning: Expected min height of view: (<NSButton: 0x1371d7400>) to be less than or equal to 30 but got a height of 32.000000. This error will be logged once per view in violation.
2022-05-04 05:30:13.404 firefox-bin[3571:114588] Warning: Expected min height of view: (<NSPopoverTouchBarItemButton: 0x1371d8400>) to be less than or equal to 30 but got a height of 32.000000. This error will be logged once per view in violation.
2022-05-04 05:30:13.405 firefox-bin[3571:114588] Warning: Expected min height of view: (<NSPopoverTouchBarItemButton: 0x136fef000>) to be less than or equal to 30 but got a height of 32.000000. This error will be logged once per view in violation.
console.warn: SearchSettings: "get: No settings file exists, new profile?" (new NotFoundError("Could not open the file at /var/folders/yg/9pgl_h_x7y74k2x5zt355vqw0000gn/T/rust_mozprofileW4kx84/search.json.mozlz4", (void 0)))
console.error: BackgroundUpdate: 
  _reasonsToNotScheduleUpdates: Failed to check for Maintenance Service Registry Key: [Exception... "Component returned failure code: 0x80004001 (NS_ERROR_NOT_IMPLEMENTED) [nsIUpdateProcessor.getServiceRegKeyExists]"  nsresult: "0x80004001 (NS_ERROR_NOT_IMPLEMENTED)"  location: "JS frame :: resource://gre/modules/BackgroundUpdate.jsm :: _reasonsToNotScheduleUpdates :: line 241"  data: no]
DevTools listening on ws://localhost:51808/devtools/browser/8bff7396-4d38-45e9-a9db-73fa1ec8d226
1651642214252	Marionette	INFO	Listening on port 51813
1651642214300	RemoteAgent	WARN	TLS certificate errors will be ignored for this session
console.warn: LoginRecipes: "getRecipes: falling back to a synchronous message for:" "http://localhost:51806"
console.warn: LoginRecipes: "getRecipes: falling back to a synchronous message for:" "http://localhost:51806"
1651642215772	Marionette	INFO	Stopped listening on port 51813
1651642216143	geckodriver	INFO	Listening on 127.0.0.1:51856
1651642216663	mozrunner::runner	INFO	Running command: "/Applications/Firefox.app/Contents/MacOS/firefox-bin" "--marionette" "--remote-debugging-port" "51857" "-foreground" "-no-remote" "-profile" "/var/folders/yg/9pgl_h_x7y74k2x5zt355vqw0000gn/T/rust_mozprofileWa6s6n"
1651642216979	Marionette	INFO	Marionette enabled
2022-05-04 05:30:17.595 firefox-bin[3576:114973] Warning: Expected min height of view: (<NSButton: 0x11c5a2400>) to be less than or equal to 30 but got a height of 32.000000. This error will be logged once per view in violation.
2022-05-04 05:30:17.596 firefox-bin[3576:114973] Warning: Expected min height of view: (<NSButton: 0x13ac5b400>) to be less than or equal to 30 but got a height of 32.000000. This error will be logged once per view in violation.
2022-05-04 05:30:17.596 firefox-bin[3576:114973] Warning: Expected min height of view: (<NSButton: 0x13ac5e000>) to be less than or equal to 30 but got a height of 32.000000. This error will be logged once per view in violation.
2022-05-04 05:30:17.597 firefox-bin[3576:114973] Warning: Expected min height of view: (<NSButton: 0x13ac5b800>) to be less than or equal to 30 but got a height of 32.000000. This error will be logged once per view in violation.
2022-05-04 05:30:17.597 firefox-bin[3576:114973] Warning: Expected min height of view: (<NSButton: 0x10d2a2800>) to be less than or equal to 30 but got a height of 32.000000. This error will be logged once per view in violation.
2022-05-04 05:30:17.597 firefox-bin[3576:114973] Warning: Expected min height of view: (<NSPopoverTouchBarItemButton: 0x13ac5c400>) to be less than or equal to 30 but got a height of 32.000000. This error will be logged once per view in violation.
2022-05-04 05:30:17.598 firefox-bin[3576:114973] Warning: Expected min height of view: (<NSPopoverTouchBarItemButton: 0x11ae53400>) to be less than or equal to 30 but got a height of 32.000000. This error will be logged once per view in violation.
console.warn: SearchSettings: "get: No settings file exists, new profile?" (new NotFoundError("Could not open the file at /var/folders/yg/9pgl_h_x7y74k2x5zt355vqw0000gn/T/rust_mozprofileWa6s6n/search.json.mozlz4", (void 0)))
console.error: BackgroundUpdate: 
  _reasonsToNotScheduleUpdates: Failed to check for Maintenance Service Registry Key: [Exception... "Component returned failure code: 0x80004001 (NS_ERROR_NOT_IMPLEMENTED) [nsIUpdateProcessor.getServiceRegKeyExists]"  nsresult: "0x80004001 (NS_ERROR_NOT_IMPLEMENTED)"  location: "JS frame :: resource://gre/modules/BackgroundUpdate.jsm :: _reasonsToNotScheduleUpdates :: line 241"  data: no]
DevTools listening on ws://localhost:51857/devtools/browser/79d0e1c3-091c-496e-89bf-d85b04c3cbac
1651642218528	Marionette	INFO	Listening on port 51862
1651642218547	RemoteAgent	WARN	TLS certificate errors will be ignored for this session
1651642228878	Marionette	INFO	Stopped listening on port 51862

###!!! [Parent][PImageBridgeParent] Error: RunMessage(msgname=PImageBridge::Msg_WillClose) Channel closing: too late to send/recv, messages will be lost

1651642229278	geckodriver	INFO	Listening on 127.0.0.1:51904
1651642229802	mozrunner::runner	INFO	Running command: "/Applications/Firefox.app/Contents/MacOS/firefox-bin" "--marionette" "--remote-debugging-port" "51905" "-foreground" "-no-remote" "-profile" "/var/folders/yg/9pgl_h_x7y74k2x5zt355vqw0000gn/T/rust_mozprofileSIcYLu"
1651642230129	Marionette	INFO	Marionette enabled
2022-05-04 05:30:30.753 firefox-bin[3585:115421] Warning: Expected min height of view: (<NSButton: 0x136b28c00>) to be less than or equal to 30 but got a height of 32.000000. This error will be logged once per view in violation.
2022-05-04 05:30:30.753 firefox-bin[3585:115421] Warning: Expected min height of view: (<NSButton: 0x136d58000>) to be less than or equal to 30 but got a height of 32.000000. This error will be logged once per view in violation.
2022-05-04 05:30:30.754 firefox-bin[3585:115421] Warning: Expected min height of view: (<NSButton: 0x136d57000>) to be less than or equal to 30 but got a height of 32.000000. This error will be logged once per view in violation.
2022-05-04 05:30:30.754 firefox-bin[3585:115421] Warning: Expected min height of view: (<NSButton: 0x136d55400>) to be less than or equal to 30 but got a height of 32.000000. This error will be logged once per view in violation.
2022-05-04 05:30:30.754 firefox-bin[3585:115421] Warning: Expected min height of view: (<NSButton: 0x136d56c00>) to be less than or equal to 30 but got a height of 32.000000. This error will be logged once per view in violation.
2022-05-04 05:30:30.755 firefox-bin[3585:115421] Warning: Expected min height of view: (<NSPopoverTouchBarItemButton: 0x136d57c00>) to be less than or equal to 30 but got a height of 32.000000. This error will be logged once per view in violation.
2022-05-04 05:30:30.755 firefox-bin[3585:115421] Warning: Expected min height of view: (<NSPopoverTouchBarItemButton: 0x136b2c800>) to be less than or equal to 30 but got a height of 32.000000. This error will be logged once per view in violation.
console.warn: SearchSettings: "get: No settings file exists, new profile?" (new NotFoundError("Could not open the file at /var/folders/yg/9pgl_h_x7y74k2x5zt355vqw0000gn/T/rust_mozprofileSIcYLu/search.json.mozlz4", (void 0)))
console.error: BackgroundUpdate: 
  _reasonsToNotScheduleUpdates: Failed to check for Maintenance Service Registry Key: [Exception... "Component returned failure code: 0x80004001 (NS_ERROR_NOT_IMPLEMENTED) [nsIUpdateProcessor.getServiceRegKeyExists]"  nsresult: "0x80004001 (NS_ERROR_NOT_IMPLEMENTED)"  location: "JS frame :: resource://gre/modules/BackgroundUpdate.jsm :: _reasonsToNotScheduleUpdates :: line 241"  data: no]
DevTools listening on ws://localhost:51905/devtools/browser/c9f9ca87-5394-4161-a995-f04840dbdab7
1651642231651	Marionette	INFO	Listening on port 51910
1651642231681	RemoteAgent	WARN	TLS certificate errors will be ignored for this session
console.warn: LoginRecipes: "getRecipes: falling back to a synchronous message for:" "http://localhost:51806"
1651642232459	Marionette	INFO	Stopped listening on port 51910
console.error: services.settings: 
  main/query-stripping Signature failed  TypeError: NetworkError: Network request failed
